<?xml version="1.0" encoding="UTF-8" ?>
<testsuite tests="45" failures="0" name="com.mashape.unirest.test.http.UnirestTest" time="14.722" errors="0" skipped="0">
  <properties>
[...]
</properties>
  <testcase classname="com.mashape.unirest.test.http.UnirestTest" name="testMultipartByteContentType" time="1.104"/>
  <testcase classname="com.mashape.unirest.test.http.UnirestTest" name="testMultipartInputStreamContentTypeAsync" time="0.219"/>
  <testcase classname="com.mashape.unirest.test.http.UnirestTest" name="parallelTest" time="5.767"/>
  <testcase classname="com.mashape.unirest.test.http.UnirestTest" name="testPostArray" time="0.088"/>
  <testcase classname="com.mashape.unirest.test.http.UnirestTest" name="testGetArray" time="0.085"/>
  <testcase classname="com.mashape.unirest.test.http.UnirestTest" name="testGet" time="0.178"/>
  <testcase classname="com.mashape.unirest.test.http.UnirestTest" name="testCustomUserAgent" time="0.085"/>
  <testcase classname="com.mashape.unirest.test.http.UnirestTest" name="testAsync" time="0.17"/>
  <testcase classname="com.mashape.unirest.test.http.UnirestTest" name="testGzip" time="0.09"/>
  <testcase classname="com.mashape.unirest.test.http.UnirestTest" name="testPathParameters2" time="0.086"/>
  <testcase classname="com.mashape.unirest.test.http.UnirestTest" name="testBasicAuth" time="0.091"/>
  <testcase classname="com.mashape.unirest.test.http.UnirestTest" name="testGzipAsync" time="0.087"/>
  <testcase classname="com.mashape.unirest.test.http.UnirestTest" name="testQueryStringEncoding" time="0.087"/>
  <testcase classname="com.mashape.unirest.test.http.UnirestTest" name="testSetTimeouts" time="1.019"/>
  <testcase classname="com.mashape.unirest.test.http.UnirestTest" name="testGetFields2" time="0.161"/>
  <testcase classname="com.mashape.unirest.test.http.UnirestTest" name="testMultipart" time="0.088"/>
  <testcase classname="com.mashape.unirest.test.http.UnirestTest" name="testGetUTF8" time="0.083"/>
  <testcase classname="com.mashape.unirest.test.http.UnirestTest" name="testPostCollection" time="0.085"/>
  <testcase classname="com.mashape.unirest.test.http.UnirestTest" name="testAsyncCallback" time="0.17"/>
  <testcase classname="com.mashape.unirest.test.http.UnirestTest" name="testMultipartInputStreamContentType" time="0.171"/>
  <testcase classname="com.mashape.unirest.test.http.UnirestTest" name="testObjectMapperRead" time="0.569"/>
  <testcase classname="com.mashape.unirest.test.http.UnirestTest" name="testPostProvidesSortedParams" time="0.006"/>
  <testcase classname="com.mashape.unirest.test.http.UnirestTest" name="testHeaderNamesCaseSensitive" time="0"/>
  <testcase classname="com.mashape.unirest.test.http.UnirestTest" name="testRequests" time="0.083"/>
  <testcase classname="com.mashape.unirest.test.http.UnirestTest" name="testQueryAndBodyParameters" time="0.087"/>
  <testcase classname="com.mashape.unirest.test.http.UnirestTest" name="testPostBinaryUTF8" time="0.086"/>
  <testcase classname="com.mashape.unirest.test.http.UnirestTest" name="testObjectMapperWrite" time="0.269"/>
  <testcase classname="com.mashape.unirest.test.http.UnirestTest" name="testMultipartContentType" time="0.167"/>
  <testcase classname="com.mashape.unirest.test.http.UnirestTest" name="testPostRawBody" time="0.084"/>
  <testcase classname="com.mashape.unirest.test.http.UnirestTest" name="testDeleteBody" time="0.087"/>
  <testcase classname="com.mashape.unirest.test.http.UnirestTest" name="testMissingPathParameter" time="0"/>
  <testcase classname="com.mashape.unirest.test.http.UnirestTest" name="testGetFields" time="0.083"/>
  <testcase classname="com.mashape.unirest.test.http.UnirestTest" name="testDelete" time="0.171"/>
  <testcase classname="com.mashape.unirest.test.http.UnirestTest" name="testPostMultipleFiles" time="0.095"/>
  <testcase classname="com.mashape.unirest.test.http.UnirestTest" name="testPostUTF8" time="0.083"/>
  <testcase classname="com.mashape.unirest.test.http.UnirestTest" name="testAsyncCustomContentTypeAndFormParams" time="0.168"/>
  <testcase classname="com.mashape.unirest.test.http.UnirestTest" name="testDefaultHeaders" time="0.273"/>
  <testcase classname="com.mashape.unirest.test.http.UnirestTest" name="testMultipartAsync" time="0.085"/>
  <testcase classname="com.mashape.unirest.test.http.UnirestTest" name="testMultipartByteContentTypeAsync" time="0.091"/>
  <testcase classname="com.mashape.unirest.test.http.UnirestTest" name="setTimeoutsAndCustomClient" time="0.017"/>
  <testcase classname="com.mashape.unirest.test.http.UnirestTest" name="testCaseInsensitiveHeaders" time="0.253"/>
  <testcase classname="com.mashape.unirest.test.http.UnirestTest" name="testAsyncCustomContentType" time="0.171"/>
  <testcase classname="com.mashape.unirest.test.http.UnirestTest" name="testPathParameters" time="0.084"/>
  <testcase classname="com.mashape.unirest.test.http.UnirestTest" name="testGetMultiple" time="1.711"/>
  <testcase classname="com.mashape.unirest.test.http.UnirestTest" name="testGetQuerystringArray" time="0.085"/>
</testsuite>